INFO  time: initialize in 0.52s
WARN  no build target: /Users/StoutB/Downloads/hmda-platform/data-browser/src/main/scala/hmda/data/browser/services/BrowserService.scala
WARN  no build target: /Users/StoutB/Downloads/hmda-platform/data-browser/src/main/scala/hmda/data/browser/rest/DataBrowserDirectives.scala
INFO  no build target: using presentation compiler with only scala-library
WARN  no build target: /Users/StoutB/Downloads/hmda-platform/data-browser/src/main/scala/hmda/data/browser/ApplicationGuardian.scala
WARN  no build target: /Users/StoutB/Downloads/hmda-platform/data-browser/src/main/scala/hmda/data/browser/WebServer.scala
WARN  no build target: /Users/StoutB/Downloads/hmda-platform/data-browser/src/main/scala/hmda/data/browser/Settings.scala
WARN  no build target: /Users/StoutB/Downloads/hmda-platform/data-browser/src/main/scala/hmda/data/browser/rest/DataBrowserDirectives.scala
WARN  no build target: /Users/StoutB/Downloads/hmda-platform/data-browser/src/main/scala/hmda/data/browser/rest/Routes.scala
WARN  no build target: /Users/StoutB/Downloads/hmda-platform/data-browser/src/main/scala/hmda/data/browser/services/BrowserService.scala
WARN  no build target: /Users/StoutB/Downloads/hmda-platform/data-browser/src/main/scala/hmda/data/browser/services/ModifiedLarBrowserService.scala
WARN  no build target: /Users/StoutB/Downloads/hmda-platform/data-browser/src/main/scala/hmda/data/browser/ApplicationGuardian.scala
WARN  no build target: /Users/StoutB/Downloads/hmda-platform/data-browser/src/main/scala/hmda/data/browser/Settings.scala
WARN  no build target: /Users/StoutB/Downloads/hmda-platform/data-browser/src/main/scala/hmda/data/browser/WebServer.scala
WARN  no build target: /Users/StoutB/Downloads/hmda-platform/data-browser/src/main/scala/hmda/data/browser/models/Race.scala
WARN  no build target: /Users/StoutB/Downloads/hmda-platform/data-browser/src/main/scala/hmda/data/browser/repositories/ModifiedLarAggregateCache.scala
WARN  no build target: /Users/StoutB/Downloads/hmda-platform/data-browser/src/main/scala/hmda/data/browser/repositories/ModifiedLarRepository.scala
WARN  no build target: /Users/StoutB/Downloads/hmda-platform/data-browser/src/main/scala/hmda/data/browser/repositories/PostgresModifiedLarRepository.scala
WARN  no build target: /Users/StoutB/Downloads/hmda-platform/data-browser/src/main/scala/hmda/data/browser/models/ModifiedLarEntity.scala
Aug 07, 2019 2:25:26 PM org.eclipse.lsp4j.jsonrpc.RemoteEndpoint handleNotification
WARNING: Notification threw an exception: {
  "jsonrpc": "2.0",
  "method": "workspace/didChangeWatchedFiles",
  "params": {
    "changes": [
      {
        "uri": "file:///Users/StoutB/Downloads/hmda-platform/data-browser/src/main/scala/hmda/data/browser/ApplicationGuardian.scala",
        "type": 3
      },
      {
        "uri": "file:///Users/StoutB/Downloads/hmda-platform/data-browser/src/main/scala/hmda/data/browser/Settings.scala",
        "type": 3
      },
      {
        "uri": "file:///Users/StoutB/Downloads/hmda-platform/data-browser/src/main/scala/hmda/data/browser/WebServer.scala",
        "type": 3
      },
      {
        "uri": "file:///Users/StoutB/Downloads/hmda-platform/data-browser/src/main/scala/hmda/data/browser/models/ActionTaken.scala",
        "type": 3
      },
      {
        "uri": "file:///Users/StoutB/Downloads/hmda-platform/data-browser/src/main/scala/hmda/data/browser/models/Aggregation.scala",
        "type": 3
      },
      {
        "uri": "file:///Users/StoutB/Downloads/hmda-platform/data-browser/src/main/scala/hmda/data/browser/models/AggregationResponse.scala",
        "type": 3
      },
      {
        "uri": "file:///Users/StoutB/Downloads/hmda-platform/data-browser/src/main/scala/hmda/data/browser/models/ConstructionMethod.scala",
        "type": 3
      },
      {
        "uri": "file:///Users/StoutB/Downloads/hmda-platform/data-browser/src/main/scala/hmda/data/browser/models/DwellingCategory.scala",
        "type": 3
      },
      {
        "uri": "file:///Users/StoutB/Downloads/hmda-platform/data-browser/src/main/scala/hmda/data/browser/models/ErrorResponse.scala",
        "type": 3
      },
      {
        "uri": "file:///Users/StoutB/Downloads/hmda-platform/data-browser/src/main/scala/hmda/data/browser/models/Ethnicity.scala",
        "type": 3
      },
      {
        "uri": "file:///Users/StoutB/Downloads/hmda-platform/data-browser/src/main/scala/hmda/data/browser/models/LienStatus.scala",
        "type": 3
      },
      {
        "uri": "file:///Users/StoutB/Downloads/hmda-platform/data-browser/src/main/scala/hmda/data/browser/models/LoanProduct.scala",
        "type": 3
      },
      {
        "uri": "file:///Users/StoutB/Downloads/hmda-platform/data-browser/src/main/scala/hmda/data/browser/models/LoanPurpose.scala",
        "type": 3
      },
      {
        "uri": "file:///Users/StoutB/Downloads/hmda-platform/data-browser/src/main/scala/hmda/data/browser/models/LoanType.scala",
        "type": 3
      },
      {
        "uri": "file:///Users/StoutB/Downloads/hmda-platform/data-browser/src/main/scala/hmda/data/browser/models/ModifiedLarEntity.scala",
        "type": 3
      },
      {
        "uri": "file:///Users/StoutB/Downloads/hmda-platform/data-browser/src/main/scala/hmda/data/browser/models/MsaMd.scala",
        "type": 3
      },
      {
        "uri": "file:///Users/StoutB/Downloads/hmda-platform/data-browser/src/main/scala/hmda/data/browser/models/QueryField.scala",
        "type": 3
      },
      {
        "uri": "file:///Users/StoutB/Downloads/hmda-platform/data-browser/src/main/scala/hmda/data/browser/models/Race.scala",
        "type": 3
      },
      {
        "uri": "file:///Users/StoutB/Downloads/hmda-platform/data-browser/src/main/scala/hmda/data/browser/models/Sex.scala",
        "type": 3
      },
      {
        "uri": "file:///Users/StoutB/Downloads/hmda-platform/data-browser/src/main/scala/hmda/data/browser/models/State.scala",
        "type": 3
      },
      {
        "uri": "file:///Users/StoutB/Downloads/hmda-platform/data-browser/src/main/scala/hmda/data/browser/models/Statistic.scala",
        "type": 3
      },
      {
        "uri": "file:///Users/StoutB/Downloads/hmda-platform/data-browser/src/main/scala/hmda/data/browser/models/TotalUnits.scala",
        "type": 3
      },
      {
        "uri": "file:///Users/StoutB/Downloads/hmda-platform/data-browser/src/main/scala/hmda/data/browser/repositories/ModifiedLarAggregateCache.scala",
        "type": 3
      },
      {
        "uri": "file:///Users/StoutB/Downloads/hmda-platform/data-browser/src/main/scala/hmda/data/browser/repositories/ModifiedLarRepository.scala",
        "type": 3
      },
      {
        "uri": "file:///Users/StoutB/Downloads/hmda-platform/data-browser/src/main/scala/hmda/data/browser/repositories/PostgresModifiedLarRepository.scala",
        "type": 3
      },
      {
        "uri": "file:///Users/StoutB/Downloads/hmda-platform/data-browser/src/main/scala/hmda/data/browser/repositories/RedisModifiedLarAggregateCache.scala",
        "type": 3
      },
      {
        "uri": "file:///Users/StoutB/Downloads/hmda-platform/data-browser/src/main/scala/hmda/data/browser/repositories/Statistic.scala",
        "type": 3
      },
      {
        "uri": "file:///Users/StoutB/Downloads/hmda-platform/data-browser/src/main/scala/hmda/data/browser/rest/DataBrowserDirectives.scala",
        "type": 3
      },
      {
        "uri": "file:///Users/StoutB/Downloads/hmda-platform/data-browser/src/main/scala/hmda/data/browser/rest/Routes.scala",
        "type": 3
      },
      {
        "uri": "file:///Users/StoutB/Downloads/hmda-platform/data-browser/src/main/scala/hmda/data/browser/services/BrowserService.scala",
        "type": 3
      },
      {
        "uri": "file:///Users/StoutB/Downloads/hmda-platform/data-browser/src/main/scala/hmda/data/browser/services/ModifiedLarBrowserService.scala",
        "type": 3
      },
      {
        "uri": "file:///Users/StoutB/Downloads/hmda-platform/data-browser/src/main/scala/hmda/dataBrowser/DataBrowser.scala",
        "type": 1
      },
      {
        "uri": "file:///Users/StoutB/Downloads/hmda-platform/data-browser/src/main/scala/hmda/dataBrowser/S3Routes.scala",
        "type": 1
      },
      {
        "uri": "file:///Users/StoutB/Downloads/hmda-platform/data-browser/src/main/scala/hmda/dataBrowser/Settings.scala",
        "type": 1
      },
      {
        "uri": "file:///Users/StoutB/Downloads/hmda-platform/data-browser/src/main/scala/hmda/dataBrowser/api/DataBrowserApi.scala",
        "type": 1
      },
      {
        "uri": "file:///Users/StoutB/Downloads/hmda-platform/data-browser/src/main/scala/hmda/dataBrowser/api/DataBrowserDirectives.scala",
        "type": 1
      },
      {
        "uri": "file:///Users/StoutB/Downloads/hmda-platform/data-browser/src/main/scala/hmda/dataBrowser/api/DataBrowserHttpApi.scala",
        "type": 1
      },
      {
        "uri": "file:///Users/StoutB/Downloads/hmda-platform/data-browser/src/main/scala/hmda/dataBrowser/models/ActionTaken.scala",
        "type": 1
      },
      {
        "uri": "file:///Users/StoutB/Downloads/hmda-platform/data-browser/src/main/scala/hmda/dataBrowser/models/Aggregation.scala",
        "type": 1
      },
      {
        "uri": "file:///Users/StoutB/Downloads/hmda-platform/data-browser/src/main/scala/hmda/dataBrowser/models/AggregationResponse.scala",
        "type": 1
      },
      {
        "uri": "file:///Users/StoutB/Downloads/hmda-platform/data-browser/src/main/scala/hmda/dataBrowser/models/AggregationResponse.scala",
        "type": 1
      },
      {
        "uri": "file:///Users/StoutB/Downloads/hmda-platform/data-browser/src/main/scala/hmda/dataBrowser/models/ConstructionMethod.scala",
        "type": 1
      },
      {
        "uri": "file:///Users/StoutB/Downloads/hmda-platform/data-browser/src/main/scala/hmda/dataBrowser/models/DwellingCategory.scala",
        "type": 1
      },
      {
        "uri": "file:///Users/StoutB/Downloads/hmda-platform/data-browser/src/main/scala/hmda/dataBrowser/models/ErrorResponse.scala",
        "type": 1
      },
      {
        "uri": "file:///Users/StoutB/Downloads/hmda-platform/data-browser/src/main/scala/hmda/dataBrowser/models/Ethnicity.scala",
        "type": 1
      },
      {
        "uri": "file:///Users/StoutB/Downloads/hmda-platform/data-browser/src/main/scala/hmda/dataBrowser/models/LienStatus.scala",
        "type": 1
      },
      {
        "uri": "file:///Users/StoutB/Downloads/hmda-platform/data-browser/src/main/scala/hmda/dataBrowser/models/LoanProduct.scala",
        "type": 1
      },
      {
        "uri": "file:///Users/StoutB/Downloads/hmda-platform/data-browser/src/main/scala/hmda/dataBrowser/models/LoanPurpose.scala",
        "type": 1
      },
      {
        "uri": "file:///Users/StoutB/Downloads/hmda-platform/data-browser/src/main/scala/hmda/dataBrowser/models/LoanType.scala",
        "type": 1
      }
    ]
  }
}
java.lang.RuntimeException: java.lang.reflect.InvocationTargetException
	at org.eclipse.lsp4j.jsonrpc.services.GenericEndpoint.lambda$null$0(GenericEndpoint.java:67)
	at org.eclipse.lsp4j.jsonrpc.services.GenericEndpoint.notify(GenericEndpoint.java:152)
	at org.eclipse.lsp4j.jsonrpc.RemoteEndpoint.handleNotification(RemoteEndpoint.java:220)
	at org.eclipse.lsp4j.jsonrpc.RemoteEndpoint.consume(RemoteEndpoint.java:187)
	at org.eclipse.lsp4j.jsonrpc.json.StreamMessageProducer.handleMessage(StreamMessageProducer.java:192)
	at org.eclipse.lsp4j.jsonrpc.json.StreamMessageProducer.listen(StreamMessageProducer.java:94)
	at org.eclipse.lsp4j.jsonrpc.json.ConcurrentMessageProcessor.run(ConcurrentMessageProcessor.java:113)
	at java.util.concurrent.Executors$RunnableAdapter.call(Executors.java:511)
	at java.util.concurrent.FutureTask.run(FutureTask.java:266)
	at java.util.concurrent.ThreadPoolExecutor.runWorker(ThreadPoolExecutor.java:1149)
	at java.util.concurrent.ThreadPoolExecutor$Worker.run(ThreadPoolExecutor.java:624)
	at java.lang.Thread.run(Thread.java:748)
Caused by: java.lang.reflect.InvocationTargetException
	at sun.reflect.NativeMethodAccessorImpl.invoke0(Native Method)
	at sun.reflect.NativeMethodAccessorImpl.invoke(NativeMethodAccessorImpl.java:62)
	at sun.reflect.DelegatingMethodAccessorImpl.invoke(DelegatingMethodAccessorImpl.java:43)
	at java.lang.reflect.Method.invoke(Method.java:498)
	at org.eclipse.lsp4j.jsonrpc.services.GenericEndpoint.lambda$null$0(GenericEndpoint.java:65)
	... 11 more
Caused by: java.nio.file.NoSuchFileException: /Users/StoutB/Downloads/hmda-platform/data-browser/src/main/scala/hmda/data/browser/ApplicationGuardian.scala
	at sun.nio.fs.UnixException.translateToIOException(UnixException.java:86)
	at sun.nio.fs.UnixException.rethrowAsIOException(UnixException.java:102)
	at sun.nio.fs.UnixException.rethrowAsIOException(UnixException.java:107)
	at sun.nio.fs.UnixFileSystemProvider.newByteChannel(UnixFileSystemProvider.java:214)
	at java.nio.file.Files.newByteChannel(Files.java:361)
	at java.nio.file.Files.newByteChannel(Files.java:407)
	at java.nio.file.Files.readAllBytes(Files.java:3152)
	at scala.meta.internal.io.PlatformFileIO$.slurp(PlatformFileIO.scala:45)
	at scala.meta.internal.io.FileIO$.slurp(FileIO.scala:24)
	at scala.meta.internal.metals.MetalsLanguageServer.$anonfun$onChange$1(MetalsLanguageServer.scala:725)
	at scala.meta.internal.metals.MetalsLanguageServer.$anonfun$onChange$1$adapted(MetalsLanguageServer.scala:724)
	at scala.collection.immutable.Stream.foreach(Stream.scala:533)
	at scala.meta.internal.metals.MetalsLanguageServer.onChange(MetalsLanguageServer.scala:724)
	at scala.meta.internal.metals.MetalsLanguageServer.didChangeWatchedFiles(MetalsLanguageServer.scala:689)
	... 16 more

WARN  no build target: /Users/StoutB/Downloads/hmda-platform/data-browser/src/main/scala/hmda/dataBrowser/models/ModifiedLarEntity.scala
  /Users/StoutB/Downloads/hmda-platform/data-browser/src/main/scala/hmda/dataBrowser/models/MsaMd.scala
  /Users/StoutB/Downloads/hmda-platform/data-browser/src/main/scala/hmda/dataBrowser/models/QueryField.scala
  /Users/StoutB/Downloads/hmda-platform/data-browser/src/main/scala/hmda/dataBrowser/models/Race.scala
  /Users/StoutB/Downloads/hmda-platform/data-browser/src/main/scala/hmda/dataBrowser/models/Sex.scala
  /Users/StoutB/Downloads/hmda-platform/data-browser/src/main/scala/hmda/dataBrowser/models/State.scala
  /Users/StoutB/Downloads/hmda-platform/data-browser/src/main/scala/hmda/dataBrowser/models/Statistic.scala
  /Users/StoutB/Downloads/hmda-platform/data-browser/src/main/scala/hmda/dataBrowser/models/TotalUnits.scala
  /Users/StoutB/Downloads/hmda-platform/data-browser/src/main/scala/hmda/dataBrowser/repositories/ModifiedLarAggregateCache.scala
  /Users/StoutB/Downloads/hmda-platform/data-browser/src/main/scala/hmda/dataBrowser/repositories/ModifiedLarRepository.scala
  /Users/StoutB/Downloads/hmda-platform/data-browser/src/main/scala/hmda/dataBrowser/repositories/PostgresModifiedLarRepository.scala
  /Users/StoutB/Downloads/hmda-platform/data-browser/src/main/scala/hmda/dataBrowser/repositories/RedisModifiedLarAggregateCache.scala
  /Users/StoutB/Downloads/hmda-platform/data-browser/src/main/scala/hmda/dataBrowser/repositories/Statistic.scala
  /Users/StoutB/Downloads/hmda-platform/data-browser/src/main/scala/hmda/dataBrowser/services/BrowserService.scala
  /Users/StoutB/Downloads/hmda-platform/data-browser/src/main/scala/hmda/dataBrowser/services/ModifiedLarBrowserService.scala
WARN  no build target: /Users/StoutB/Downloads/hmda-platform/data-browser/src/main/scala/hmda/dataBrowser/models/ModifiedLarEntity.scala
WARN  code navigation does not work for the file '/Users/StoutB/Downloads/hmda-platform/data-browser/src/main/scala/hmda/dataBrowser/models/ModifiedLarEntity.scala' because it doesn't belong to a build target.
WARN  no build target: /Users/StoutB/Downloads/hmda-platform/data-browser/src/main/scala/hmda/dataBrowser/models/ModifiedLarEntity.scala
WARN  no build target: 
WARN  no build target: /Users/StoutB/Downloads/hmda-platform/data-browser/src/main/scala/hmda/dataBrowser/models/ModifiedLarEntity.scala
WARN  no build target: 
WARN  code navigation does not work for the file '/Users/StoutB/Downloads/hmda-platform/data-browser/src/main/scala/hmda/dataBrowser/models/ModifiedLarEntity.scala' because it doesn't belong to a build target.
WARN  code navigation does not work for the file '/Users/StoutB/Downloads/hmda-platform/data-browser/src/main/scala/hmda/dataBrowser/models/ModifiedLarEntity.scala' because it doesn't belong to a build target.
WARN  code navigation does not work for the file '/Users/StoutB/Downloads/hmda-platform/data-browser/src/main/scala/hmda/dataBrowser/models/ModifiedLarEntity.scala' because it doesn't belong to a build target.
WARN  code navigation does not work for the file '/Users/StoutB/Downloads/hmda-platform/data-browser/src/main/scala/hmda/dataBrowser/models/ModifiedLarEntity.scala' because it doesn't belong to a build target.
WARN  code navigation does not work for the file '/Users/StoutB/Downloads/hmda-platform/data-browser/src/main/scala/hmda/dataBrowser/models/ModifiedLarEntity.scala' because it doesn't belong to a build target.
WARN  code navigation does not work for the file '/Users/StoutB/Downloads/hmda-platform/data-browser/src/main/scala/hmda/dataBrowser/models/ModifiedLarEntity.scala' because it doesn't belong to a build target.
WARN  code navigation does not work for the file '/Users/StoutB/Downloads/hmda-platform/data-browser/src/main/scala/hmda/dataBrowser/models/ModifiedLarEntity.scala' because it doesn't belong to a build target.
WARN  code navigation does not work for the file '/Users/StoutB/Downloads/hmda-platform/data-browser/src/main/scala/hmda/dataBrowser/models/ModifiedLarEntity.scala' because it doesn't belong to a build target.
WARN  code navigation does not work for the file '/Users/StoutB/Downloads/hmda-platform/data-browser/src/main/scala/hmda/dataBrowser/models/ModifiedLarEntity.scala' because it doesn't belong to a build target.
WARN  code navigation does not work for the file '/Users/StoutB/Downloads/hmda-platform/data-browser/src/main/scala/hmda/dataBrowser/models/ModifiedLarEntity.scala' because it doesn't belong to a build target.
WARN  code navigation does not work for the file '/Users/StoutB/Downloads/hmda-platform/data-browser/src/main/scala/hmda/dataBrowser/models/ModifiedLarEntity.scala' because it doesn't belong to a build target.
WARN  code navigation does not work for the file '/Users/StoutB/Downloads/hmda-platform/data-browser/src/main/scala/hmda/dataBrowser/models/ModifiedLarEntity.scala' because it doesn't belong to a build target.
WARN  code navigation does not work for the file '/Users/StoutB/Downloads/hmda-platform/data-browser/src/main/scala/hmda/dataBrowser/models/ModifiedLarEntity.scala' because it doesn't belong to a build target.
WARN  code navigation does not work for the file '/Users/StoutB/Downloads/hmda-platform/data-browser/src/main/scala/hmda/dataBrowser/models/ModifiedLarEntity.scala' because it doesn't belong to a build target.
WARN  code navigation does not work for the file '/Users/StoutB/Downloads/hmda-platform/data-browser/src/main/scala/hmda/dataBrowser/models/ModifiedLarEntity.scala' because it doesn't belong to a build target.
WARN  code navigation does not work for the file '/Users/StoutB/Downloads/hmda-platform/data-browser/src/main/scala/hmda/dataBrowser/models/ModifiedLarEntity.scala' because it doesn't belong to a build target.
WARN  code navigation does not work for the file '/Users/StoutB/Downloads/hmda-platform/data-browser/src/main/scala/hmda/dataBrowser/models/ModifiedLarEntity.scala' because it doesn't belong to a build target.
WARN  code navigation does not work for the file '/Users/StoutB/Downloads/hmda-platform/data-browser/src/main/scala/hmda/dataBrowser/models/ModifiedLarEntity.scala' because it doesn't belong to a build target.
WARN  code navigation does not work for the file '/Users/StoutB/Downloads/hmda-platform/data-browser/src/main/scala/hmda/dataBrowser/models/ModifiedLarEntity.scala' because it doesn't belong to a build target.
WARN  no build target: /Users/StoutB/Downloads/hmda-platform/data-browser/src/main/scala/hmda/dataBrowser/models/ModifiedLarEntity.scala
WARN  no build target: 
WARN  no build target: /Users/StoutB/Downloads/hmda-platform/data-browser/src/main/scala/hmda/dataBrowser/models/ModifiedLarEntity.scala
WARN  no build target: 
WARN  code navigation does not work for the file '/Users/StoutB/Downloads/hmda-platform/data-browser/src/main/scala/hmda/dataBrowser/models/ModifiedLarEntity.scala' because it doesn't belong to a build target.
WARN  code navigation does not work for the file '/Users/StoutB/Downloads/hmda-platform/data-browser/src/main/scala/hmda/dataBrowser/models/ModifiedLarEntity.scala' because it doesn't belong to a build target.
WARN  code navigation does not work for the file '/Users/StoutB/Downloads/hmda-platform/data-browser/src/main/scala/hmda/dataBrowser/models/ModifiedLarEntity.scala' because it doesn't belong to a build target.
WARN  code navigation does not work for the file '/Users/StoutB/Downloads/hmda-platform/data-browser/src/main/scala/hmda/dataBrowser/models/ModifiedLarEntity.scala' because it doesn't belong to a build target.
WARN  code navigation does not work for the file '/Users/StoutB/Downloads/hmda-platform/data-browser/src/main/scala/hmda/dataBrowser/models/ModifiedLarEntity.scala' because it doesn't belong to a build target.
WARN  no build target: /Users/StoutB/Downloads/hmda-platform/data-browser/src/main/scala/hmda/dataBrowser/models/ModifiedLarEntity.scala
WARN  code navigation does not work for the file '/Users/StoutB/Downloads/hmda-platform/data-browser/src/main/scala/hmda/dataBrowser/models/ModifiedLarEntity.scala' because it doesn't belong to a build target.
WARN  code navigation does not work for the file '/Users/StoutB/Downloads/hmda-platform/data-browser/src/main/scala/hmda/dataBrowser/models/ModifiedLarEntity.scala' because it doesn't belong to a build target.
WARN  no build target: 
WARN  no build target: /Users/StoutB/Downloads/hmda-platform/data-browser/src/main/scala/hmda/dataBrowser/models/ModifiedLarEntity.scala
WARN  no build target: /Users/StoutB/Downloads/hmda-platform/data-browser/src/main/scala/hmda/dataBrowser/models/ModifiedLarEntity.scala
WARN  no build target: 
WARN  no build target: /Users/StoutB/Downloads/hmda-platform/data-browser/src/main/scala/hmda/dataBrowser/models/ModifiedLarEntity.scala
WARN  no build target: 
WARN  no build target: /Users/StoutB/Downloads/hmda-platform/data-browser/src/main/scala/hmda/dataBrowser/services/ModifiedLarBrowserService.scala
something's wrong: no file:///Users/StoutB/Downloads/hmda-platform/data-browser/src/main/scala/hmda/dataBrowser/services/ModifiedLarBrowserService.scala in List[<error>]RangePosition(file:///Users/StoutB/Downloads/hmda-platform/data-browser/src/main/scala/hmda/dataBrowser/services/ModifiedLarBrowserService.scala, 770, 770, 786)
WARN  no build target: /Users/StoutB/Downloads/hmda-platform/data-browser/src/main/scala/hmda/dataBrowser/services/BrowserService.scala
WARN  no build target: /Users/StoutB/Downloads/hmda-platform/data-browser/src/main/scala/hmda/dataBrowser/repositories/ModifiedLarAggregateCache.scala
WARN  no build target: /Users/StoutB/Downloads/hmda-platform/data-browser/src/main/scala/hmda/dataBrowser/repositories/ModifiedLarRepository.scala
WARN  no build target: /Users/StoutB/Downloads/hmda-platform/data-browser/src/main/scala/hmda/dataBrowser/repositories/PostgresModifiedLarRepository.scala
WARN  code navigation does not work for the file '/Users/StoutB/Downloads/hmda-platform/data-browser/src/main/scala/hmda/dataBrowser/repositories/PostgresModifiedLarRepository.scala' because it doesn't belong to a build target.
WARN  code navigation does not work for the file '/Users/StoutB/Downloads/hmda-platform/data-browser/src/main/scala/hmda/dataBrowser/repositories/PostgresModifiedLarRepository.scala' because it doesn't belong to a build target.
WARN  no build target: /Users/StoutB/Downloads/hmda-platform/data-browser/src/main/scala/hmda/dataBrowser/repositories/PostgresModifiedLarRepository.scala
WARN  no build target: 
WARN  code navigation does not work for the file '/Users/StoutB/Downloads/hmda-platform/data-browser/src/main/scala/hmda/dataBrowser/repositories/PostgresModifiedLarRepository.scala' because it doesn't belong to a build target.
WARN  code navigation does not work for the file '/Users/StoutB/Downloads/hmda-platform/data-browser/src/main/scala/hmda/dataBrowser/models/ModifiedLarEntity.scala' because it doesn't belong to a build target.
WARN  code navigation does not work for the file '/Users/StoutB/Downloads/hmda-platform/data-browser/src/main/scala/hmda/dataBrowser/models/ModifiedLarEntity.scala' because it doesn't belong to a build target.
WARN  code navigation does not work for the file '/Users/StoutB/Downloads/hmda-platform/data-browser/src/main/scala/hmda/dataBrowser/models/ModifiedLarEntity.scala' because it doesn't belong to a build target.
WARN  no build target: /Users/StoutB/Downloads/hmda-platform/data-browser/src/main/scala/hmda/dataBrowser/models/ModifiedLarEntity.scala
WARN  no build target: 
WARN  code navigation does not work for the file '/Users/StoutB/Downloads/hmda-platform/data-browser/src/main/scala/hmda/dataBrowser/models/ModifiedLarEntity.scala' because it doesn't belong to a build target.
WARN  code navigation does not work for the file '/Users/StoutB/Downloads/hmda-platform/data-browser/src/main/scala/hmda/dataBrowser/models/ModifiedLarEntity.scala' because it doesn't belong to a build target.
WARN  no build target: /Users/StoutB/Downloads/hmda-platform/data-browser/src/main/scala/hmda/dataBrowser/models/ModifiedLarEntity.scala
WARN  no build target: 
WARN  no build target: /Users/StoutB/Downloads/hmda-platform/data-browser/src/main/scala/hmda/dataBrowser/models/ModifiedLarEntity.scala
WARN  no build target: 
WARN  code navigation does not work for the file '/Users/StoutB/Downloads/hmda-platform/data-browser/src/main/scala/hmda/dataBrowser/models/ModifiedLarEntity.scala' because it doesn't belong to a build target.
WARN  code navigation does not work for the file '/Users/StoutB/Downloads/hmda-platform/data-browser/src/main/scala/hmda/dataBrowser/models/ModifiedLarEntity.scala' because it doesn't belong to a build target.
WARN  code navigation does not work for the file '/Users/StoutB/Downloads/hmda-platform/data-browser/src/main/scala/hmda/dataBrowser/models/ModifiedLarEntity.scala' because it doesn't belong to a build target.
WARN  code navigation does not work for the file '/Users/StoutB/Downloads/hmda-platform/data-browser/src/main/scala/hmda/dataBrowser/models/ModifiedLarEntity.scala' because it doesn't belong to a build target.
WARN  code navigation does not work for the file '/Users/StoutB/Downloads/hmda-platform/data-browser/src/main/scala/hmda/dataBrowser/models/ModifiedLarEntity.scala' because it doesn't belong to a build target.
WARN  code navigation does not work for the file '/Users/StoutB/Downloads/hmda-platform/data-browser/src/main/scala/hmda/dataBrowser/models/ModifiedLarEntity.scala' because it doesn't belong to a build target.
WARN  no build target: /Users/StoutB/Downloads/hmda-platform/data-browser/src/main/scala/hmda/dataBrowser/models/ModifiedLarEntity.scala
WARN  no build target: 
WARN  no build target: /Users/StoutB/Downloads/hmda-platform/data-browser/src/main/scala/hmda/dataBrowser/models/ModifiedLarEntity.scala
WARN  no build target: 
WARN  no build target: /Users/StoutB/Downloads/hmda-platform/data-browser/src/main/scala/hmda/dataBrowser/repositories/PostgresModifiedLarRepository.scala
WARN  no build target: /Users/StoutB/Downloads/hmda-platform/data-browser/src/main/scala/hmda/dataBrowser/models/ModifiedLarEntity.scala
WARN  no build target: 
WARN  code navigation does not work for the file '/Users/StoutB/Downloads/hmda-platform/data-browser/src/main/scala/hmda/dataBrowser/models/ModifiedLarEntity.scala' because it doesn't belong to a build target.
WARN  no build target: /Users/StoutB/Downloads/hmda-platform/data-browser/src/main/scala/hmda/dataBrowser/models/ModifiedLarEntity.scala
WARN  no build target: 
WARN  code navigation does not work for the file '/Users/StoutB/Downloads/hmda-platform/data-browser/src/main/scala/hmda/dataBrowser/models/ModifiedLarEntity.scala' because it doesn't belong to a build target.
WARN  no build target: /Users/StoutB/Downloads/hmda-platform/data-browser/src/main/scala/hmda/dataBrowser/models/ModifiedLarEntity.scala
WARN  no build target: 
WARN  code navigation does not work for the file '/Users/StoutB/Downloads/hmda-platform/data-browser/src/main/scala/hmda/dataBrowser/models/ModifiedLarEntity.scala' because it doesn't belong to a build target.
WARN  code navigation does not work for the file '/Users/StoutB/Downloads/hmda-platform/data-browser/src/main/scala/hmda/dataBrowser/models/ModifiedLarEntity.scala' because it doesn't belong to a build target.
WARN  no build target: /Users/StoutB/Downloads/hmda-platform/data-browser/src/main/scala/hmda/dataBrowser/models/ModifiedLarEntity.scala
WARN  no build target: 
WARN  no build target: /Users/StoutB/Downloads/hmda-platform/data-browser/src/main/scala/hmda/dataBrowser/repositories/ModifiedLarAggregateCache.scala
WARN  no build target: /Users/StoutB/Downloads/hmda-platform/data-browser/src/main/scala/hmda/dataBrowser/repositories/ModifiedLarRepository.scala
WARN  code navigation does not work for the file '/Users/StoutB/Downloads/hmda-platform/data-browser/src/main/scala/hmda/dataBrowser/repositories/PostgresModifiedLarRepository.scala' because it doesn't belong to a build target.
WARN  code navigation does not work for the file '/Users/StoutB/Downloads/hmda-platform/data-browser/src/main/scala/hmda/dataBrowser/repositories/PostgresModifiedLarRepository.scala' because it doesn't belong to a build target.
WARN  code navigation does not work for the file '/Users/StoutB/Downloads/hmda-platform/data-browser/src/main/scala/hmda/dataBrowser/repositories/PostgresModifiedLarRepository.scala' because it doesn't belong to a build target.
WARN  code navigation does not work for the file '/Users/StoutB/Downloads/hmda-platform/data-browser/src/main/scala/hmda/dataBrowser/repositories/PostgresModifiedLarRepository.scala' because it doesn't belong to a build target.
WARN  no build target: /Users/StoutB/Downloads/hmda-platform/data-browser/src/main/scala/hmda/dataBrowser/repositories/PostgresModifiedLarRepository.scala
WARN  no build target: 
WARN  code navigation does not work for the file '/Users/StoutB/Downloads/hmda-platform/data-browser/src/main/scala/hmda/dataBrowser/repositories/PostgresModifiedLarRepository.scala' because it doesn't belong to a build target.
WARN  code navigation does not work for the file '/Users/StoutB/Downloads/hmda-platform/data-browser/src/main/scala/hmda/dataBrowser/repositories/PostgresModifiedLarRepository.scala' because it doesn't belong to a build target.
WARN  code navigation does not work for the file '/Users/StoutB/Downloads/hmda-platform/data-browser/src/main/scala/hmda/dataBrowser/repositories/PostgresModifiedLarRepository.scala' because it doesn't belong to a build target.
WARN  code navigation does not work for the file '/Users/StoutB/Downloads/hmda-platform/data-browser/src/main/scala/hmda/dataBrowser/repositories/PostgresModifiedLarRepository.scala' because it doesn't belong to a build target.
WARN  code navigation does not work for the file '/Users/StoutB/Downloads/hmda-platform/data-browser/src/main/scala/hmda/dataBrowser/repositories/PostgresModifiedLarRepository.scala' because it doesn't belong to a build target.
WARN  code navigation does not work for the file '/Users/StoutB/Downloads/hmda-platform/data-browser/src/main/scala/hmda/dataBrowser/repositories/PostgresModifiedLarRepository.scala' because it doesn't belong to a build target.
WARN  code navigation does not work for the file '/Users/StoutB/Downloads/hmda-platform/data-browser/src/main/scala/hmda/dataBrowser/repositories/PostgresModifiedLarRepository.scala' because it doesn't belong to a build target.
WARN  code navigation does not work for the file '/Users/StoutB/Downloads/hmda-platform/data-browser/src/main/scala/hmda/dataBrowser/repositories/PostgresModifiedLarRepository.scala' because it doesn't belong to a build target.
WARN  code navigation does not work for the file '/Users/StoutB/Downloads/hmda-platform/data-browser/src/main/scala/hmda/dataBrowser/repositories/PostgresModifiedLarRepository.scala' because it doesn't belong to a build target.
WARN  code navigation does not work for the file '/Users/StoutB/Downloads/hmda-platform/data-browser/src/main/scala/hmda/dataBrowser/repositories/PostgresModifiedLarRepository.scala' because it doesn't belong to a build target.
WARN  no build target: /Users/StoutB/Downloads/hmda-platform/data-browser/src/main/scala/hmda/dataBrowser/repositories/PostgresModifiedLarRepository.scala
WARN  no build target: 
WARN  code navigation does not work for the file '/Users/StoutB/Downloads/hmda-platform/data-browser/src/main/scala/hmda/dataBrowser/repositories/PostgresModifiedLarRepository.scala' because it doesn't belong to a build target.
WARN  no build target: /Users/StoutB/Downloads/hmda-platform/data-browser/src/main/scala/hmda/dataBrowser/repositories/PostgresModifiedLarRepository.scala
WARN  code navigation does not work for the file '/Users/StoutB/Downloads/hmda-platform/data-browser/src/main/scala/hmda/dataBrowser/repositories/PostgresModifiedLarRepository.scala' because it doesn't belong to a build target.
WARN  no build target: 
WARN  no build target: /Users/StoutB/Downloads/hmda-platform/data-browser/src/main/scala/hmda/dataBrowser/repositories/PostgresModifiedLarRepository.scala
WARN  no build target: 
WARN  code navigation does not work for the file '/Users/StoutB/Downloads/hmda-platform/data-browser/src/main/scala/hmda/dataBrowser/repositories/PostgresModifiedLarRepository.scala' because it doesn't belong to a build target.
WARN  code navigation does not work for the file '/Users/StoutB/Downloads/hmda-platform/data-browser/src/main/scala/hmda/dataBrowser/repositories/PostgresModifiedLarRepository.scala' because it doesn't belong to a build target.
WARN  no build target: /Users/StoutB/Downloads/hmda-platform/data-browser/src/main/scala/hmda/dataBrowser/repositories/PostgresModifiedLarRepository.scala
WARN  no build target: 
WARN  no build target: /Users/StoutB/Downloads/hmda-platform/data-browser/src/main/scala/hmda/dataBrowser/repositories/PostgresModifiedLarRepository.scala
WARN  no build target: 
WARN  no build target: /Users/StoutB/Downloads/hmda-platform/data-browser/src/main/scala/hmda/dataBrowser/repositories/PostgresModifiedLarRepository.scala
WARN  no build target: 
WARN  no build target: /Users/StoutB/Downloads/hmda-platform/data-browser/src/main/scala/hmda/dataBrowser/repositories/PostgresModifiedLarRepository.scala
WARN  no build target: /Users/StoutB/Downloads/hmda-platform/data-browser/src/main/scala/hmda/dataBrowser/repositories/PostgresModifiedLarRepository.scala
WARN  no build target: 
WARN  code navigation does not work for the file '/Users/StoutB/Downloads/hmda-platform/data-browser/src/main/scala/hmda/dataBrowser/models/ModifiedLarEntity.scala' because it doesn't belong to a build target.
WARN  code navigation does not work for the file '/Users/StoutB/Downloads/hmda-platform/data-browser/src/main/scala/hmda/dataBrowser/models/ModifiedLarEntity.scala' because it doesn't belong to a build target.
WARN  code navigation does not work for the file '/Users/StoutB/Downloads/hmda-platform/data-browser/src/main/scala/hmda/dataBrowser/models/ModifiedLarEntity.scala' because it doesn't belong to a build target.
WARN  code navigation does not work for the file '/Users/StoutB/Downloads/hmda-platform/data-browser/src/main/scala/hmda/dataBrowser/models/ModifiedLarEntity.scala' because it doesn't belong to a build target.
WARN  no build target: /Users/StoutB/Downloads/hmda-platform/data-browser/src/main/scala/hmda/dataBrowser/repositories/PostgresModifiedLarRepository.scala
WARN  no build target: 
WARN  code navigation does not work for the file '/Users/StoutB/Downloads/hmda-platform/data-browser/src/main/scala/hmda/dataBrowser/repositories/PostgresModifiedLarRepository.scala' because it doesn't belong to a build target.
WARN  code navigation does not work for the file '/Users/StoutB/Downloads/hmda-platform/data-browser/src/main/scala/hmda/dataBrowser/repositories/PostgresModifiedLarRepository.scala' because it doesn't belong to a build target.
WARN  code navigation does not work for the file '/Users/StoutB/Downloads/hmda-platform/data-browser/src/main/scala/hmda/dataBrowser/repositories/PostgresModifiedLarRepository.scala' because it doesn't belong to a build target.
WARN  code navigation does not work for the file '/Users/StoutB/Downloads/hmda-platform/data-browser/src/main/scala/hmda/dataBrowser/repositories/PostgresModifiedLarRepository.scala' because it doesn't belong to a build target.
WARN  code navigation does not work for the file '/Users/StoutB/Downloads/hmda-platform/data-browser/src/main/scala/hmda/dataBrowser/repositories/PostgresModifiedLarRepository.scala' because it doesn't belong to a build target.
WARN  code navigation does not work for the file '/Users/StoutB/Downloads/hmda-platform/data-browser/src/main/scala/hmda/dataBrowser/repositories/PostgresModifiedLarRepository.scala' because it doesn't belong to a build target.
WARN  code navigation does not work for the file '/Users/StoutB/Downloads/hmda-platform/data-browser/src/main/scala/hmda/dataBrowser/repositories/PostgresModifiedLarRepository.scala' because it doesn't belong to a build target.
WARN  no build target: /Users/StoutB/Downloads/hmda-platform/data-browser/src/main/scala/hmda/dataBrowser/repositories/PostgresModifiedLarRepository.scala
WARN  no build target: 
WARN  code navigation does not work for the file '/Users/StoutB/Downloads/hmda-platform/data-browser/src/main/scala/hmda/dataBrowser/models/ModifiedLarEntity.scala' because it doesn't belong to a build target.
WARN  code navigation does not work for the file '/Users/StoutB/Downloads/hmda-platform/data-browser/src/main/scala/hmda/dataBrowser/models/ModifiedLarEntity.scala' because it doesn't belong to a build target.
WARN  code navigation does not work for the file '/Users/StoutB/Downloads/hmda-platform/data-browser/src/main/scala/hmda/dataBrowser/models/ModifiedLarEntity.scala' because it doesn't belong to a build target.
WARN  code navigation does not work for the file '/Users/StoutB/Downloads/hmda-platform/data-browser/src/main/scala/hmda/dataBrowser/models/ModifiedLarEntity.scala' because it doesn't belong to a build target.
WARN  no build target: /Users/StoutB/Downloads/hmda-platform/data-browser/src/main/scala/hmda/dataBrowser/models/ModifiedLarEntity.scala
WARN  no build target: 
WARN  no build target: /Users/StoutB/Downloads/hmda-platform/data-browser/src/main/scala/hmda/dataBrowser/repositories/PostgresModifiedLarRepository.scala
WARN  no build target: 
WARN  no build target: /Users/StoutB/Downloads/hmda-platform/data-browser/src/main/scala/hmda/dataBrowser/models/ModifiedLarEntity.scala
WARN  no build target: /Users/StoutB/Downloads/hmda-platform/data-browser/src/main/scala/hmda/dataBrowser/models/ModifiedLarEntity.scala
WARN  no build target: 
WARN  code navigation does not work for the file '/Users/StoutB/Downloads/hmda-platform/data-browser/src/main/scala/hmda/dataBrowser/models/ModifiedLarEntity.scala' because it doesn't belong to a build target.
WARN  no build target: /Users/StoutB/Downloads/hmda-platform/data-browser/src/main/scala/hmda/dataBrowser/models/ModifiedLarEntity.scala
WARN  no build target: 
WARN  no build target: /Users/StoutB/Downloads/hmda-platform/data-browser/src/main/scala/hmda/dataBrowser/models/ModifiedLarEntity.scala
WARN  no build target: 
WARN  code navigation does not work for the file '/Users/StoutB/Downloads/hmda-platform/data-browser/src/main/scala/hmda/dataBrowser/models/ModifiedLarEntity.scala' because it doesn't belong to a build target.
WARN  no build target: /Users/StoutB/Downloads/hmda-platform/data-browser/src/main/scala/hmda/dataBrowser/models/ModifiedLarEntity.scala
WARN  no build target: 
WARN  no build target: /Users/StoutB/Downloads/hmda-platform/data-browser/src/main/scala/hmda/dataBrowser/models/ModifiedLarEntity.scala
WARN  no build target: /Users/StoutB/Downloads/hmda-platform/data-browser/src/main/scala/hmda/dataBrowser/models/ModifiedLarEntity.scala
WARN  no build target: 
WARN  code navigation does not work for the file '/Users/StoutB/Downloads/hmda-platform/data-browser/src/main/scala/hmda/dataBrowser/models/ModifiedLarEntity.scala' because it doesn't belong to a build target.
WARN  no build target: /Users/StoutB/Downloads/hmda-platform/data-browser/src/main/scala/hmda/dataBrowser/models/ModifiedLarEntity.scala
WARN  no build target: 
WARN  code navigation does not work for the file '/Users/StoutB/Downloads/hmda-platform/data-browser/src/main/scala/hmda/dataBrowser/models/ModifiedLarEntity.scala' because it doesn't belong to a build target.
WARN  no build target: /Users/StoutB/Downloads/hmda-platform/data-browser/src/main/scala/hmda/dataBrowser/models/ModifiedLarEntity.scala
WARN  no build target: 
WARN  code navigation does not work for the file '/Users/StoutB/Downloads/hmda-platform/data-browser/src/main/scala/hmda/dataBrowser/models/ModifiedLarEntity.scala' because it doesn't belong to a build target.
WARN  code navigation does not work for the file '/Users/StoutB/Downloads/hmda-platform/data-browser/src/main/scala/hmda/dataBrowser/models/ModifiedLarEntity.scala' because it doesn't belong to a build target.
WARN  no build target: /Users/StoutB/Downloads/hmda-platform/data-browser/src/main/scala/hmda/dataBrowser/models/ModifiedLarEntity.scala
WARN  code navigation does not work for the file '/Users/StoutB/Downloads/hmda-platform/data-browser/src/main/scala/hmda/dataBrowser/models/ModifiedLarEntity.scala' because it doesn't belong to a build target.
WARN  no build target: /Users/StoutB/Downloads/hmda-platform/data-browser/src/main/scala/hmda/dataBrowser/models/ModifiedLarEntity.scala
WARN  no build target: 
WARN  code navigation does not work for the file '/Users/StoutB/Downloads/hmda-platform/data-browser/src/main/scala/hmda/dataBrowser/models/ModifiedLarEntity.scala' because it doesn't belong to a build target.
WARN  code navigation does not work for the file '/Users/StoutB/Downloads/hmda-platform/data-browser/src/main/scala/hmda/dataBrowser/models/ModifiedLarEntity.scala' because it doesn't belong to a build target.
WARN  no build target: /Users/StoutB/Downloads/hmda-platform/data-browser/src/main/scala/hmda/dataBrowser/models/ModifiedLarEntity.scala
WARN  no build target: 
WARN  code navigation does not work for the file '/Users/StoutB/Downloads/hmda-platform/data-browser/src/main/scala/hmda/dataBrowser/models/ModifiedLarEntity.scala' because it doesn't belong to a build target.
WARN  code navigation does not work for the file '/Users/StoutB/Downloads/hmda-platform/data-browser/src/main/scala/hmda/dataBrowser/models/ModifiedLarEntity.scala' because it doesn't belong to a build target.
WARN  code navigation does not work for the file '/Users/StoutB/Downloads/hmda-platform/data-browser/src/main/scala/hmda/dataBrowser/models/ModifiedLarEntity.scala' because it doesn't belong to a build target.
WARN  code navigation does not work for the file '/Users/StoutB/Downloads/hmda-platform/data-browser/src/main/scala/hmda/dataBrowser/models/ModifiedLarEntity.scala' because it doesn't belong to a build target.
WARN  code navigation does not work for the file '/Users/StoutB/Downloads/hmda-platform/data-browser/src/main/scala/hmda/dataBrowser/models/ModifiedLarEntity.scala' because it doesn't belong to a build target.
WARN  code navigation does not work for the file '/Users/StoutB/Downloads/hmda-platform/data-browser/src/main/scala/hmda/dataBrowser/models/ModifiedLarEntity.scala' because it doesn't belong to a build target.
WARN  no build target: /Users/StoutB/Downloads/hmda-platform/data-browser/src/main/scala/hmda/dataBrowser/models/ModifiedLarEntity.scala
WARN  no build target: /Users/StoutB/Downloads/hmda-platform/data-browser/src/main/scala/hmda/dataBrowser/models/ModifiedLarEntity.scala
WARN  no build target: /Users/StoutB/Downloads/hmda-platform/data-browser/src/main/scala/hmda/dataBrowser/models/ModifiedLarEntity.scala
WARN  no build target: 
WARN  code navigation does not work for the file '/Users/StoutB/Downloads/hmda-platform/data-browser/src/main/scala/hmda/dataBrowser/models/ModifiedLarEntity.scala' because it doesn't belong to a build target.
WARN  code navigation does not work for the file '/Users/StoutB/Downloads/hmda-platform/data-browser/src/main/scala/hmda/dataBrowser/models/ModifiedLarEntity.scala' because it doesn't belong to a build target.
WARN  code navigation does not work for the file '/Users/StoutB/Downloads/hmda-platform/data-browser/src/main/scala/hmda/dataBrowser/models/ModifiedLarEntity.scala' because it doesn't belong to a build target.
WARN  no build target: /Users/StoutB/Downloads/hmda-platform/data-browser/src/main/scala/hmda/dataBrowser/models/ModifiedLarEntity.scala
WARN  no build target: 
WARN  code navigation does not work for the file '/Users/StoutB/Downloads/hmda-platform/data-browser/src/main/scala/hmda/dataBrowser/models/ModifiedLarEntity.scala' because it doesn't belong to a build target.
WARN  no build target: /Users/StoutB/Downloads/hmda-platform/data-browser/src/main/scala/hmda/dataBrowser/repositories/PostgresModifiedLarRepository.scala
WARN  no build target: 
WARN  code navigation does not work for the file '/Users/StoutB/Downloads/hmda-platform/data-browser/src/main/scala/hmda/dataBrowser/models/ModifiedLarEntity.scala' because it doesn't belong to a build target.
WARN  code navigation does not work for the file '/Users/StoutB/Downloads/hmda-platform/data-browser/src/main/scala/hmda/dataBrowser/repositories/PostgresModifiedLarRepository.scala' because it doesn't belong to a build target.
WARN  code navigation does not work for the file '/Users/StoutB/Downloads/hmda-platform/data-browser/src/main/scala/hmda/dataBrowser/repositories/PostgresModifiedLarRepository.scala' because it doesn't belong to a build target.
WARN  no build target: /Users/StoutB/Downloads/hmda-platform/data-browser/src/main/scala/hmda/dataBrowser/models/ModifiedLarEntity.scala
WARN  no build target: 
WARN  code navigation does not work for the file '/Users/StoutB/Downloads/hmda-platform/data-browser/src/main/scala/hmda/dataBrowser/models/ModifiedLarEntity.scala' because it doesn't belong to a build target.
WARN  code navigation does not work for the file '/Users/StoutB/Downloads/hmda-platform/data-browser/src/main/scala/hmda/dataBrowser/models/ModifiedLarEntity.scala' because it doesn't belong to a build target.
WARN  code navigation does not work for the file '/Users/StoutB/Downloads/hmda-platform/data-browser/src/main/scala/hmda/dataBrowser/models/ModifiedLarEntity.scala' because it doesn't belong to a build target.
WARN  code navigation does not work for the file '/Users/StoutB/Downloads/hmda-platform/data-browser/src/main/scala/hmda/dataBrowser/models/ModifiedLarEntity.scala' because it doesn't belong to a build target.
WARN  code navigation does not work for the file '/Users/StoutB/Downloads/hmda-platform/data-browser/src/main/scala/hmda/dataBrowser/models/ModifiedLarEntity.scala' because it doesn't belong to a build target.
WARN  code navigation does not work for the file '/Users/StoutB/Downloads/hmda-platform/data-browser/src/main/scala/hmda/dataBrowser/models/ModifiedLarEntity.scala' because it doesn't belong to a build target.
WARN  no build target: /Users/StoutB/Downloads/hmda-platform/data-browser/src/main/scala/hmda/dataBrowser/models/ModifiedLarEntity.scala
WARN  no build target: 
WARN  code navigation does not work for the file '/Users/StoutB/Downloads/hmda-platform/data-browser/src/main/scala/hmda/dataBrowser/models/ModifiedLarEntity.scala' because it doesn't belong to a build target.
WARN  no build target: /Users/StoutB/Downloads/hmda-platform/data-browser/src/main/scala/hmda/dataBrowser/models/ModifiedLarEntity.scala
WARN  no build target: 
WARN  no build target: /Users/StoutB/Downloads/hmda-platform/data-browser/src/main/scala/hmda/dataBrowser/repositories/PostgresModifiedLarRepository.scala
WARN  no build target: 
INFO  shutting down Metals
